<?xml version="1.0" encoding="UTF-8"?>
<!-- Generated by org.testng.reporters.JUnitReportReporter -->
<testsuite hostname="DESKTOP-UC9CJ38" failures="0" tests="1" name="testcases.VerifyDropDopdownOptions" time="23.779" errors="0" timestamp="2024-04-24T07:44:53 IST" skipped="0">
  <testcase classname="testcases.VerifyDropDopdownOptions" name="verifyDropdownOptions" time="23.779">
    <system-out>
      <![CDATA[Test case started verifyDropdownOptions
Test case success verifyDropdownOptions]]>
    </system-out>
  </testcase> <!-- verifyDropdownOptions -->
  <system-out>
    <![CDATA[Before launching browser
Browser launched successfully
Test case started verifyDropdownOptions
Test case success verifyDropdownOptions]]>
  </system-out>
</testsuite> <!-- testcases.VerifyDropDopdownOptions -->
